# JRE version: OpenJDK Runtime Environment (25.0.3) (build 25.0.3+-15898627-b508.16)
# Java VM: OpenJDK 64-Bit Server VM (25.0.3+-15898627-b508.16, mixed mode, tiered, compressed oops, compressed class ptrs, g1 gc, windows-amd64)
GC Precious Log:
 CardTable entry size: 512
 Card Set container configuration: InlinePtr #cards 5 size 8 Array Of Cards #cards 10 size 36 Howl #buckets 4 coarsen threshold 1843 Howl Bitmap #cards 512 size 80 coarsen threshold 460 Card regions per heap region 1 cards per card region 2048
 CPUs: 4 total, 4 available
 Memory: 6082M
 Large Page Support: Disabled
 NUMA Support: Disabled
 Compressed Oops: Enabled (32-bit)
 Heap Region Size: 1M
 Heap Min Capacity: 8M
 Heap Initial Capacity: 96M
 Heap Max Capacity: 2G
 Pre-touch: Disabled
 Parallel Workers: 4
 Concurrent Workers: 1
 Concurrent Refinement Workers: 4
 Periodic GC: Disabled
Heap:
 garbage-first heap   total reserved 2097152K, committed 122880K, used 93901K [0x0000000080000000, 0x0000000100000000)
  region size 1024K, 23 young (23552K), 3 survivors (3072K)
GC Heap Usage History (20 events):
Event: 11.624 {heap Before GC invocations=17 (full 0):
 garbage-first heap   total reserved 2097152K, committed 86016K, used 76995K [0x0000000080000000, 0x0000000100000000)
  region size 1024K, 29 young (29696K), 2 survivors (2048K)
}
Event: 11.630 {heap After GC invocations=18 (full 0):
 garbage-first heap   total reserved 2097152K, committed 86016K, used 53803K [0x0000000080000000, 0x0000000100000000)
  region size 1024K, 4 young (4096K), 4 survivors (4096K)
}
Event: 11.992 {heap Before GC invocations=19 (full 0):
 garbage-first heap   total reserved 2097152K, committed 91136K, used 77355K [0x0000000080000000, 0x0000000100000000)
  region size 1024K, 27 young (27648K), 4 survivors (4096K)
}
Event: 12.000 {heap After GC invocations=20 (full 0):
 garbage-first heap   total reserved 2097152K, committed 91136K, used 55116K [0x0000000080000000, 0x0000000100000000)
  region size 1024K, 2 young (2048K), 2 survivors (2048K)
}
Event: 12.773 {heap Before GC invocations=20 (full 0):
 garbage-first heap   total reserved 2097152K, committed 91136K, used 82764K [0x0000000080000000, 0x0000000100000000)
  region size 1024K, 29 young (29696K), 2 survivors (2048K)
}
Event: 12.780 {heap After GC invocations=21 (full 0):
 garbage-first heap   total reserved 2097152K, committed 109568K, used 55624K [0x0000000080000000, 0x0000000100000000)
  region size 1024K, 3 young (3072K), 3 survivors (3072K)
}
Event: 15.268 {heap Before GC invocations=21 (full 0):
 garbage-first heap   total reserved 2097152K, committed 109568K, used 96584K [0x0000000080000000, 0x0000000100000000)
  region size 1024K, 43 young (44032K), 3 survivors (3072K)
}
Event: 15.277 {heap After GC invocations=22 (full 0):
 garbage-first heap   total reserved 2097152K, committed 109568K, used 57837K [0x0000000080000000, 0x0000000100000000)
  region size 1024K, 5 young (5120K), 5 survivors (5120K)
}
Event: 16.763 {heap Before GC invocations=23 (full 0):
 garbage-first heap   total reserved 2097152K, committed 109568K, used 96749K [0x0000000080000000, 0x0000000100000000)
  region size 1024K, 44 young (45056K), 5 survivors (5120K)
}
Event: 16.774 {heap After GC invocations=24 (full 0):
 garbage-first heap   total reserved 2097152K, committed 109568K, used 61315K [0x0000000080000000, 0x0000000100000000)
  region size 1024K, 6 young (6144K), 6 survivors (6144K)
}
Event: 17.347 {heap Before GC invocations=24 (full 0):
 garbage-first heap   total reserved 2097152K, committed 109568K, used 98179K [0x0000000080000000, 0x0000000100000000)
  region size 1024K, 43 young (44032K), 6 survivors (6144K)
}
Event: 17.362 {heap After GC invocations=25 (full 0):
 garbage-first heap   total reserved 2097152K, committed 109568K, used 62397K [0x0000000080000000, 0x0000000100000000)
  region size 1024K, 2 young (2048K), 2 survivors (2048K)
}
Event: 17.871 {heap Before GC invocations=25 (full 0):
 garbage-first heap   total reserved 2097152K, committed 109568K, used 100285K [0x0000000080000000, 0x0000000100000000)
  region size 1024K, 40 young (40960K), 2 survivors (2048K)
}
Event: 17.875 {heap After GC invocations=26 (full 0):
 garbage-first heap   total reserved 2097152K, committed 109568K, used 63137K [0x0000000080000000, 0x0000000100000000)
  region size 1024K, 3 young (3072K), 3 survivors (3072K)
}
Event: 18.466 {heap Before GC invocations=27 (full 0):
 garbage-first heap   total reserved 2097152K, committed 109568K, used 103073K [0x0000000080000000, 0x0000000100000000)
  region size 1024K, 41 young (41984K), 3 survivors (3072K)
}
Event: 18.474 {heap After GC invocations=28 (full 0):
 garbage-first heap   total reserved 2097152K, committed 111616K, used 68287K [0x0000000080000000, 0x0000000100000000)
  region size 1024K, 6 young (6144K), 6 survivors (6144K)
}
Event: 18.957 {heap Before GC invocations=28 (full 0):
 garbage-first heap   total reserved 2097152K, committed 111616K, used 103103K [0x0000000080000000, 0x0000000100000000)
  region size 1024K, 39 young (39936K), 6 survivors (6144K)
}
Event: 18.969 {heap After GC invocations=29 (full 0):
 garbage-first heap   total reserved 2097152K, committed 114688K, used 71749K [0x0000000080000000, 0x0000000100000000)
  region size 1024K, 2 young (2048K), 2 survivors (2048K)
}
Event: 19.860 {heap Before GC invocations=29 (full 0):
 garbage-first heap   total reserved 2097152K, committed 114688K, used 105541K [0x0000000080000000, 0x0000000100000000)
  region size 1024K, 35 young (35840K), 2 survivors (2048K)
}
Event: 19.863 {heap After GC invocations=30 (full 0):
 garbage-first heap   total reserved 2097152K, committed 114688K, used 72397K [0x0000000080000000, 0x0000000100000000)
  region size 1024K, 3 young (3072K), 3 survivors (3072K)
}

